  ZarzadzanieProcesami.cpp
  wpisKatalogowy.cpp
  Source.cpp
  Semafory.cpp
  RAM.cpp
d:\programy\c++\powaznyso\ram.cpp(9): warning C4018: "<": niezgodność typu ze znakiem/bez znaku
d:\programy\c++\powaznyso\ram.cpp(35): warning C4018: "<": niezgodność typu ze znakiem/bez znaku
d:\programy\c++\powaznyso\ram.cpp(58): warning C4018: "<": niezgodność typu ze znakiem/bez znaku
d:\programy\c++\powaznyso\ram.cpp(68): warning C4018: "<": niezgodność typu ze znakiem/bez znaku
d:\programy\c++\powaznyso\ram.cpp(140): warning C4018: "<": niezgodność typu ze znakiem/bez znaku
  Kolejka procesow.cpp
  katalog.cpp
d:\programy\c++\powaznyso\katalog.cpp(20): warning C4018: "<": niezgodność typu ze znakiem/bez znaku
d:\programy\c++\powaznyso\katalog.cpp(31): warning C4018: "<": niezgodność typu ze znakiem/bez znaku
d:\programy\c++\powaznyso\katalog.cpp(39): warning C4477: „printf”: ciąg formatu „%s” wymaga argumentu typu „char *”, ale argument 1 ze zmienną liczbą argumentów ma typ „std::string”
d:\programy\c++\powaznyso\katalog.cpp(85): warning C4018: "<": niezgodność typu ze znakiem/bez znaku
d:\programy\c++\powaznyso\katalog.cpp(102): warning C4018: "<": niezgodność typu ze znakiem/bez znaku
  iwezel.cpp
  dysk.cpp
d:\programy\c++\powaznyso\dysk.cpp(22): warning C4018: "<": niezgodność typu ze znakiem/bez znaku
d:\programy\c++\powaznyso\dysk.cpp(27): warning C4018: "<": niezgodność typu ze znakiem/bez znaku
d:\programy\c++\powaznyso\dysk.cpp(84): warning C4018: "<": niezgodność typu ze znakiem/bez znaku
d:\programy\c++\powaznyso\dysk.cpp(142): warning C4018: "<": niezgodność typu ze znakiem/bez znaku
d:\programy\c++\powaznyso\dysk.cpp(186): warning C4244: "=": konwersja z "short" do "char", możliwa utrata danych
d:\programy\c++\powaznyso\dysk.cpp(578): warning C4018: "<": niezgodność typu ze znakiem/bez znaku
d:\programy\c++\powaznyso\dysk.cpp(584): warning C4018: "<": niezgodność typu ze znakiem/bez znaku
d:\programy\c++\powaznyso\dysk.cpp(608): warning C4018: "<": niezgodność typu ze znakiem/bez znaku
d:\programy\c++\powaznyso\dysk.cpp(619): warning C4018: "<": niezgodność typu ze znakiem/bez znaku
d:\programy\c++\powaznyso\dysk.cpp(638): warning C4018: "<": niezgodność typu ze znakiem/bez znaku
d:\programy\c++\powaznyso\dysk.cpp(667): warning C4018: "<": niezgodność typu ze znakiem/bez znaku
d:\programy\c++\powaznyso\dysk.cpp(690): warning C4018: "<": niezgodność typu ze znakiem/bez znaku
d:\programy\c++\powaznyso\dysk.cpp(699): warning C4018: "<": niezgodność typu ze znakiem/bez znaku
d:\programy\c++\powaznyso\dysk.cpp(714): warning C4018: "<": niezgodność typu ze znakiem/bez znaku
d:\programy\c++\powaznyso\dysk.cpp(732): warning C4018: "<": niezgodność typu ze znakiem/bez znaku
d:\programy\c++\powaznyso\dysk.cpp(751): warning C4018: "<": niezgodność typu ze znakiem/bez znaku
  Generowanie kodu...
  PowaznySO.vcxproj -> D:\Programy\C++\PowaznySO\Debug\PowaznySO.exe
