  dysk.cpp
c:\users\bartosz\documents\github\powaznyso\dysk.cpp(51): error C2065: 'tablicaSemaforĂłw': undeclared identifier
c:\users\bartosz\documents\github\powaznyso\dysk.cpp(51): error C2228: left of '.czekaj' must have class/struct/union
c:\users\bartosz\documents\github\powaznyso\dysk.cpp(67): error C2065: 'tablicaSemaforĂłw': undeclared identifier
c:\users\bartosz\documents\github\powaznyso\dysk.cpp(67): error C2228: left of '.rusz' must have class/struct/union
c:\users\bartosz\documents\github\powaznyso\dysk.cpp(121): error C2572: 'dysk::zapiszDoPliku': redefinition of default argument: parameter 1
  c:\users\bartosz\documents\github\powaznyso\dysk.h(19): note: see declaration of 'dysk::zapiszDoPliku'
c:\users\bartosz\documents\github\powaznyso\dysk.cpp(126): error C2065: 'tablicaSemaforĂłw': undeclared identifier
c:\users\bartosz\documents\github\powaznyso\dysk.cpp(126): error C2228: left of '.dlugosc' must have class/struct/union
c:\users\bartosz\documents\github\powaznyso\dysk.cpp(130): error C2065: 'tablicaSemaforĂłw': undeclared identifier
c:\users\bartosz\documents\github\powaznyso\dysk.cpp(130): error C2228: left of '.czekaj' must have class/struct/union
c:\users\bartosz\documents\github\powaznyso\dysk.cpp(186): warning C4244: '=': conversion from 'short' to 'char', possible loss of data
c:\users\bartosz\documents\github\powaznyso\dysk.cpp(208): error C2572: 'dysk::pobierzDane': redefinition of default argument: parameter 1
  c:\users\bartosz\documents\github\powaznyso\dysk.h(20): note: see declaration of 'dysk::pobierzDane'
c:\users\bartosz\documents\github\powaznyso\dysk.cpp(217): error C2065: 'tablicaSemaforĂłw': undeclared identifier
c:\users\bartosz\documents\github\powaznyso\dysk.cpp(217): error C2228: left of '.dlugosc' must have class/struct/union
c:\users\bartosz\documents\github\powaznyso\dysk.cpp(221): error C2065: 'tablicaSemaforĂłw': undeclared identifier
c:\users\bartosz\documents\github\powaznyso\dysk.cpp(221): error C2228: left of '.czekaj' must have class/struct/union
c:\users\bartosz\documents\github\powaznyso\dysk.cpp(265): error C3872: '0x201a': this character is not allowed in an identifier
c:\users\bartosz\documents\github\powaznyso\dysk.cpp(270): error C3872: '0x201a': this character is not allowed in an identifier
c:\users\bartosz\documents\github\powaznyso\dysk.cpp(278): error C3872: '0x201a': this character is not allowed in an identifier
c:\users\bartosz\documents\github\powaznyso\dysk.cpp(287): error C3872: '0x201a': this character is not allowed in an identifier
c:\users\bartosz\documents\github\powaznyso\dysk.cpp(299): error C2572: 'dysk::otowrzStratnie': redefinition of default argument: parameter 1
  c:\users\bartosz\documents\github\powaznyso\dysk.h(21): note: see declaration of 'dysk::otowrzStratnie'
c:\users\bartosz\documents\github\powaznyso\dysk.cpp(307): error C2065: 'tablicaSemaforĂłw': undeclared identifier
c:\users\bartosz\documents\github\powaznyso\dysk.cpp(307): error C2228: left of '.dlugosc' must have class/struct/union
c:\users\bartosz\documents\github\powaznyso\dysk.cpp(311): error C2065: 'tablicaSemaforĂłw': undeclared identifier
c:\users\bartosz\documents\github\powaznyso\dysk.cpp(311): error C2228: left of '.czekaj' must have class/struct/union
c:\users\bartosz\documents\github\powaznyso\dysk.cpp(355): error C3872: '0x201a': this character is not allowed in an identifier
c:\users\bartosz\documents\github\powaznyso\dysk.cpp(360): error C3872: '0x201a': this character is not allowed in an identifier
c:\users\bartosz\documents\github\powaznyso\dysk.cpp(369): error C3872: '0x201a': this character is not allowed in an identifier
c:\users\bartosz\documents\github\powaznyso\dysk.cpp(373): error C3872: '0x201a': this character is not allowed in an identifier
c:\users\bartosz\documents\github\powaznyso\dysk.cpp(380): error C3872: '0x201a': this character is not allowed in an identifier
c:\users\bartosz\documents\github\powaznyso\dysk.cpp(460): error C3872: '0x201a': this character is not allowed in an identifier
c:\users\bartosz\documents\github\powaznyso\dysk.cpp(465): error C3872: '0x201a': this character is not allowed in an identifier
c:\users\bartosz\documents\github\powaznyso\dysk.cpp(474): error C3872: '0x201a': this character is not allowed in an identifier
c:\users\bartosz\documents\github\powaznyso\dysk.cpp(478): error C3872: '0x201a': this character is not allowed in an identifier
c:\users\bartosz\documents\github\powaznyso\dysk.cpp(485): error C3872: '0x201a': this character is not allowed in an identifier
  RAM.cpp
c:\users\bartosz\documents\github\powaznyso\ram.cpp(118): warning C4267: '=': conversion from 'size_t' to 'int', possible loss of data
  Generating Code...
  Compiling...
  Semafory.cpp
  Generating Code...
  Skipping... (no relevant changes detected)
  ZarzadzanieProcesami.cpp
  Source.cpp
  Kolejka procesow.cpp
